# JRE version: OpenJDK Runtime Environment (17.0.6) (build 17.0.6+0-b2043.56-9586694)
# Java VM: OpenJDK 64-Bit Server VM (17.0.6+0-b2043.56-9586694, mixed mode, tiered, compressed oops, compressed class ptrs, g1 gc, windows-amd64)
GC Precious Log:
 CPUs: 8 total, 8 available
 Memory: 7971M
 Large Page Support: Disabled
 NUMA Support: Disabled
 Compressed Oops: Enabled (32-bit)
 Heap Region Size: 1M
 Heap Min Capacity: 8M
 Heap Initial Capacity: 126M
 Heap Max Capacity: 1536M
 Pre-touch: Disabled
 Parallel Workers: 8
 Concurrent Workers: 2
 Concurrent Refinement Workers: 8
 Periodic GC: Disabled
Heap:
 garbage-first heap   total 203776K, used 124089K [0x00000000a0000000, 0x0000000100000000)
  region size 1024K, 51 young (52224K), 11 survivors (11264K)
 Metaspace       used 98605K, committed 99328K, reserved 1138688K
  class space    used 13503K, committed 13824K, reserved 1048576K
GC Heap History (20 events):
Event: 15.941 GC heap before
{Heap before GC invocations=33 (full 0):
 garbage-first heap   total 124928K, used 99529K [0x00000000a0000000, 0x0000000100000000)
  region size 1024K, 37 young (37888K), 4 survivors (4096K)
 Metaspace       used 75898K, committed 76544K, reserved 1122304K
  class space    used 10264K, committed 10560K, reserved 1048576K
}
Event: 15.950 GC heap after
{Heap after GC invocations=34 (full 0):
 garbage-first heap   total 124928K, used 62412K [0x00000000a0000000, 0x0000000100000000)
  region size 1024K, 5 young (5120K), 5 survivors (5120K)
 Metaspace       used 75898K, committed 76544K, reserved 1122304K
  class space    used 10264K, committed 10560K, reserved 1048576K
}
Event: 16.270 GC heap before
{Heap before GC invocations=34 (full 0):
 garbage-first heap   total 124928K, used 76748K [0x00000000a0000000, 0x0000000100000000)
  region size 1024K, 20 young (20480K), 5 survivors (5120K)
 Metaspace       used 77169K, committed 77760K, reserved 1122304K
  class space    used 10394K, committed 10688K, reserved 1048576K
}
Event: 16.277 GC heap after
{Heap after GC invocations=35 (full 0):
 garbage-first heap   total 124928K, used 63861K [0x00000000a0000000, 0x0000000100000000)
  region size 1024K, 2 young (2048K), 2 survivors (2048K)
 Metaspace       used 77169K, committed 77760K, reserved 1122304K
  class space    used 10394K, committed 10688K, reserved 1048576K
}
Event: 17.404 GC heap before
{Heap before GC invocations=36 (full 0):
 garbage-first heap   total 124928K, used 100725K [0x00000000a0000000, 0x0000000100000000)
  region size 1024K, 37 young (37888K), 2 survivors (2048K)
 Metaspace       used 80332K, committed 80896K, reserved 1122304K
  class space    used 10806K, committed 11072K, reserved 1048576K
}
Event: 17.412 GC heap after
{Heap after GC invocations=37 (full 0):
 garbage-first heap   total 124928K, used 65133K [0x00000000a0000000, 0x0000000100000000)
  region size 1024K, 3 young (3072K), 3 survivors (3072K)
 Metaspace       used 80332K, committed 80896K, reserved 1122304K
  class space    used 10806K, committed 11072K, reserved 1048576K
}
Event: 17.451 GC heap before
{Heap before GC invocations=37 (full 0):
 garbage-first heap   total 124928K, used 68205K [0x00000000a0000000, 0x0000000100000000)
  region size 1024K, 6 young (6144K), 3 survivors (3072K)
 Metaspace       used 80369K, committed 80960K, reserved 1122304K
  class space    used 10816K, committed 11072K, reserved 1048576K
}
Event: 17.459 GC heap after
{Heap after GC invocations=38 (full 0):
 garbage-first heap   total 124928K, used 65945K [0x00000000a0000000, 0x0000000100000000)
  region size 1024K, 1 young (1024K), 1 survivors (1024K)
 Metaspace       used 80369K, committed 80960K, reserved 1122304K
  class space    used 10816K, committed 11072K, reserved 1048576K
}
Event: 17.848 GC heap before
{Heap before GC invocations=38 (full 0):
 garbage-first heap   total 124928K, used 101785K [0x00000000a0000000, 0x0000000100000000)
  region size 1024K, 36 young (36864K), 1 survivors (1024K)
 Metaspace       used 80775K, committed 81472K, reserved 1122304K
  class space    used 10895K, committed 11200K, reserved 1048576K
}
Event: 17.854 GC heap after
{Heap after GC invocations=39 (full 0):
 garbage-first heap   total 124928K, used 68073K [0x00000000a0000000, 0x0000000100000000)
  region size 1024K, 3 young (3072K), 3 survivors (3072K)
 Metaspace       used 80775K, committed 81472K, reserved 1122304K
  class space    used 10895K, committed 11200K, reserved 1048576K
}
Event: 18.303 GC heap before
{Heap before GC invocations=40 (full 0):
 garbage-first heap   total 124928K, used 101865K [0x00000000a0000000, 0x0000000100000000)
  region size 1024K, 36 young (36864K), 3 survivors (3072K)
 Metaspace       used 80953K, committed 81600K, reserved 1122304K
  class space    used 10916K, committed 11200K, reserved 1048576K
}
Event: 18.312 GC heap after
{Heap after GC invocations=41 (full 0):
 garbage-first heap   total 124928K, used 70023K [0x00000000a0000000, 0x0000000100000000)
  region size 1024K, 5 young (5120K), 5 survivors (5120K)
 Metaspace       used 80953K, committed 81600K, reserved 1122304K
  class space    used 10916K, committed 11200K, reserved 1048576K
}
Event: 18.945 GC heap before
{Heap before GC invocations=41 (full 0):
 garbage-first heap   total 124928K, used 102791K [0x00000000a0000000, 0x0000000100000000)
  region size 1024K, 37 young (37888K), 5 survivors (5120K)
 Metaspace       used 82970K, committed 83584K, reserved 1122304K
  class space    used 11194K, committed 11456K, reserved 1048576K
}
Event: 18.957 GC heap after
{Heap after GC invocations=42 (full 0):
 garbage-first heap   total 124928K, used 73144K [0x00000000a0000000, 0x0000000100000000)
  region size 1024K, 5 young (5120K), 5 survivors (5120K)
 Metaspace       used 82970K, committed 83584K, reserved 1122304K
  class space    used 11194K, committed 11456K, reserved 1048576K
}
Event: 19.777 GC heap before
{Heap before GC invocations=43 (full 0):
 garbage-first heap   total 132096K, used 103864K [0x00000000a0000000, 0x0000000100000000)
  region size 1024K, 35 young (35840K), 5 survivors (5120K)
 Metaspace       used 86364K, committed 87040K, reserved 1130496K
  class space    used 11852K, committed 12160K, reserved 1048576K
}
Event: 19.789 GC heap after
{Heap after GC invocations=44 (full 0):
 garbage-first heap   total 132096K, used 75184K [0x00000000a0000000, 0x0000000100000000)
  region size 1024K, 3 young (3072K), 3 survivors (3072K)
 Metaspace       used 86364K, committed 87040K, reserved 1130496K
  class space    used 11852K, committed 12160K, reserved 1048576K
}
Event: 20.572 GC heap before
{Heap before GC invocations=44 (full 0):
 garbage-first heap   total 132096K, used 108976K [0x00000000a0000000, 0x0000000100000000)
  region size 1024K, 36 young (36864K), 3 survivors (3072K)
 Metaspace       used 88281K, committed 88960K, reserved 1130496K
  class space    used 12111K, committed 12416K, reserved 1048576K
}
Event: 20.586 GC heap after
{Heap after GC invocations=45 (full 0):
 garbage-first heap   total 203776K, used 78303K [0x00000000a0000000, 0x0000000100000000)
  region size 1024K, 5 young (5120K), 5 survivors (5120K)
 Metaspace       used 88281K, committed 88960K, reserved 1130496K
  class space    used 12111K, committed 12416K, reserved 1048576K
}
Event: 23.013 GC heap before
{Heap before GC invocations=46 (full 0):
 garbage-first heap   total 203776K, used 160223K [0x00000000a0000000, 0x0000000100000000)
  region size 1024K, 85 young (87040K), 5 survivors (5120K)
 Metaspace       used 95527K, committed 96256K, reserved 1138688K
  class space    used 13157K, committed 13504K, reserved 1048576K
}
Event: 23.033 GC heap after
{Heap after GC invocations=47 (full 0):
 garbage-first heap   total 203776K, used 85177K [0x00000000a0000000, 0x0000000100000000)
  region size 1024K, 11 young (11264K), 11 survivors (11264K)
 Metaspace       used 95527K, committed 96256K, reserved 1138688K
  class space    used 13157K, committed 13504K, reserved 1048576K
}

