# JRE version: OpenJDK Runtime Environment (17.0.6) (build 17.0.6+0-b2043.56-9586694)
# Java VM: OpenJDK 64-Bit Server VM (17.0.6+0-b2043.56-9586694, mixed mode, tiered, compressed oops, compressed class ptrs, g1 gc, windows-amd64)
GC Precious Log:
 CPUs: 8 total, 8 available
 Memory: 7971M
 Large Page Support: Disabled
 NUMA Support: Disabled
 Compressed Oops: Enabled (32-bit)
 Heap Region Size: 1M
 Heap Min Capacity: 8M
 Heap Initial Capacity: 126M
 Heap Max Capacity: 1536M
 Pre-touch: Disabled
 Parallel Workers: 8
 Concurrent Workers: 2
 Concurrent Refinement Workers: 8
 Periodic GC: Disabled
Heap:
 garbage-first heap   total 260096K, used 199213K [0x00000000a0000000, 0x0000000100000000)
  region size 1024K, 99 young (101376K), 2 survivors (2048K)
 Metaspace       used 111032K, committed 111680K, reserved 1146880K
  class space    used 14787K, committed 15104K, reserved 1048576K
GC Heap History (20 events):
Event: 23.381 GC heap before
{Heap before GC invocations=53 (full 0):
 garbage-first heap   total 260096K, used 223636K [0x00000000a0000000, 0x0000000100000000)
  region size 1024K, 122 young (124928K), 9 survivors (9216K)
 Metaspace       used 109543K, committed 110208K, reserved 1146880K
  class space    used 14565K, committed 14848K, reserved 1048576K
}
Event: 23.385 GC heap after
{Heap after GC invocations=54 (full 0):
 garbage-first heap   total 260096K, used 108365K [0x00000000a0000000, 0x0000000100000000)
  region size 1024K, 9 young (9216K), 9 survivors (9216K)
 Metaspace       used 109543K, committed 110208K, reserved 1146880K
  class space    used 14565K, committed 14848K, reserved 1048576K
}
Event: 23.717 GC heap before
{Heap before GC invocations=54 (full 0):
 garbage-first heap   total 260096K, used 224077K [0x00000000a0000000, 0x0000000100000000)
  region size 1024K, 122 young (124928K), 9 survivors (9216K)
 Metaspace       used 109544K, committed 110208K, reserved 1146880K
  class space    used 14565K, committed 14848K, reserved 1048576K
}
Event: 23.723 GC heap after
{Heap after GC invocations=55 (full 0):
 garbage-first heap   total 260096K, used 109326K [0x00000000a0000000, 0x0000000100000000)
  region size 1024K, 9 young (9216K), 9 survivors (9216K)
 Metaspace       used 109544K, committed 110208K, reserved 1146880K
  class space    used 14565K, committed 14848K, reserved 1048576K
}
Event: 23.991 GC heap before
{Heap before GC invocations=55 (full 0):
 garbage-first heap   total 260096K, used 222990K [0x00000000a0000000, 0x0000000100000000)
  region size 1024K, 120 young (122880K), 9 survivors (9216K)
 Metaspace       used 109546K, committed 110208K, reserved 1146880K
  class space    used 14566K, committed 14848K, reserved 1048576K
}
Event: 23.995 GC heap after
{Heap after GC invocations=56 (full 0):
 garbage-first heap   total 260096K, used 109376K [0x00000000a0000000, 0x0000000100000000)
  region size 1024K, 8 young (8192K), 8 survivors (8192K)
 Metaspace       used 109546K, committed 110208K, reserved 1146880K
  class space    used 14566K, committed 14848K, reserved 1048576K
}
Event: 24.221 GC heap before
{Heap before GC invocations=56 (full 0):
 garbage-first heap   total 260096K, used 224064K [0x00000000a0000000, 0x0000000100000000)
  region size 1024K, 120 young (122880K), 8 survivors (8192K)
 Metaspace       used 109546K, committed 110208K, reserved 1146880K
  class space    used 14566K, committed 14848K, reserved 1048576K
}
Event: 24.225 GC heap after
{Heap after GC invocations=57 (full 0):
 garbage-first heap   total 260096K, used 110185K [0x00000000a0000000, 0x0000000100000000)
  region size 1024K, 8 young (8192K), 8 survivors (8192K)
 Metaspace       used 109546K, committed 110208K, reserved 1146880K
  class space    used 14566K, committed 14848K, reserved 1048576K
}
Event: 24.445 GC heap before
{Heap before GC invocations=57 (full 0):
 garbage-first heap   total 260096K, used 224873K [0x00000000a0000000, 0x0000000100000000)
  region size 1024K, 120 young (122880K), 8 survivors (8192K)
 Metaspace       used 109546K, committed 110208K, reserved 1146880K
  class space    used 14566K, committed 14848K, reserved 1048576K
}
Event: 24.449 GC heap after
{Heap after GC invocations=58 (full 0):
 garbage-first heap   total 260096K, used 110725K [0x00000000a0000000, 0x0000000100000000)
  region size 1024K, 9 young (9216K), 9 survivors (9216K)
 Metaspace       used 109546K, committed 110208K, reserved 1146880K
  class space    used 14566K, committed 14848K, reserved 1048576K
}
Event: 24.837 GC heap before
{Heap before GC invocations=58 (full 0):
 garbage-first heap   total 260096K, used 224389K [0x00000000a0000000, 0x0000000100000000)
  region size 1024K, 119 young (121856K), 9 survivors (9216K)
 Metaspace       used 109547K, committed 110208K, reserved 1146880K
  class space    used 14566K, committed 14848K, reserved 1048576K
}
Event: 24.839 GC heap after
{Heap after GC invocations=59 (full 0):
 garbage-first heap   total 260096K, used 100876K [0x00000000a0000000, 0x0000000100000000)
  region size 1024K, 3 young (3072K), 3 survivors (3072K)
 Metaspace       used 109547K, committed 110208K, reserved 1146880K
  class space    used 14566K, committed 14848K, reserved 1048576K
}
Event: 25.207 GC heap before
{Heap before GC invocations=59 (full 0):
 garbage-first heap   total 260096K, used 232972K [0x00000000a0000000, 0x0000000100000000)
  region size 1024K, 127 young (130048K), 3 survivors (3072K)
 Metaspace       used 109547K, committed 110208K, reserved 1146880K
  class space    used 14566K, committed 14848K, reserved 1048576K
}
Event: 25.208 GC heap after
{Heap after GC invocations=60 (full 0):
 garbage-first heap   total 260096K, used 100152K [0x00000000a0000000, 0x0000000100000000)
  region size 1024K, 2 young (2048K), 2 survivors (2048K)
 Metaspace       used 109547K, committed 110208K, reserved 1146880K
  class space    used 14566K, committed 14848K, reserved 1048576K
}
Event: 25.520 GC heap before
{Heap before GC invocations=60 (full 0):
 garbage-first heap   total 260096K, used 231224K [0x00000000a0000000, 0x0000000100000000)
  region size 1024K, 128 young (131072K), 2 survivors (2048K)
 Metaspace       used 109547K, committed 110208K, reserved 1146880K
  class space    used 14566K, committed 14848K, reserved 1048576K
}
Event: 25.521 GC heap after
{Heap after GC invocations=61 (full 0):
 garbage-first heap   total 260096K, used 101111K [0x00000000a0000000, 0x0000000100000000)
  region size 1024K, 2 young (2048K), 2 survivors (2048K)
 Metaspace       used 109547K, committed 110208K, reserved 1146880K
  class space    used 14566K, committed 14848K, reserved 1048576K
}
Event: 25.981 GC heap before
{Heap before GC invocations=61 (full 0):
 garbage-first heap   total 260096K, used 229111K [0x00000000a0000000, 0x0000000100000000)
  region size 1024K, 127 young (130048K), 2 survivors (2048K)
 Metaspace       used 109550K, committed 110208K, reserved 1146880K
  class space    used 14566K, committed 14848K, reserved 1048576K
}
Event: 25.982 GC heap after
{Heap after GC invocations=62 (full 0):
 garbage-first heap   total 260096K, used 101441K [0x00000000a0000000, 0x0000000100000000)
  region size 1024K, 1 young (1024K), 1 survivors (1024K)
 Metaspace       used 109550K, committed 110208K, reserved 1146880K
  class space    used 14566K, committed 14848K, reserved 1048576K
}
Event: 26.436 GC heap before
{Heap before GC invocations=62 (full 0):
 garbage-first heap   total 260096K, used 230465K [0x00000000a0000000, 0x0000000100000000)
  region size 1024K, 127 young (130048K), 1 survivors (1024K)
 Metaspace       used 109550K, committed 110208K, reserved 1146880K
  class space    used 14566K, committed 14848K, reserved 1048576K
}
Event: 26.437 GC heap after
{Heap after GC invocations=63 (full 0):
 garbage-first heap   total 260096K, used 100909K [0x00000000a0000000, 0x0000000100000000)
  region size 1024K, 2 young (2048K), 2 survivors (2048K)
 Metaspace       used 109550K, committed 110208K, reserved 1146880K
  class space    used 14566K, committed 14848K, reserved 1048576K
}

