# JRE version: OpenJDK Runtime Environment (17.0.6) (build 17.0.6+0-b2043.56-9586694)
# Java VM: OpenJDK 64-Bit Server VM (17.0.6+0-b2043.56-9586694, mixed mode, tiered, compressed oops, compressed class ptrs, g1 gc, windows-amd64)
GC Precious Log:
 CPUs: 8 total, 8 available
 Memory: 7971M
 Large Page Support: Disabled
 NUMA Support: Disabled
 Compressed Oops: Enabled (32-bit)
 Heap Region Size: 1M
 Heap Min Capacity: 8M
 Heap Initial Capacity: 126M
 Heap Max Capacity: 1536M
 Pre-touch: Disabled
 Parallel Workers: 8
 Concurrent Workers: 2
 Concurrent Refinement Workers: 8
 Periodic GC: Disabled
Heap:
 garbage-first heap   total 158720K, used 98650K [0x00000000a0000000, 0x0000000100000000)
  region size 1024K, 13 young (13312K), 6 survivors (6144K)
 Metaspace       used 99041K, committed 99904K, reserved 1138688K
  class space    used 13579K, committed 13952K, reserved 1048576K
GC Heap History (20 events):
Event: 14.532 GC heap before
{Heap before GC invocations=41 (full 0):
 garbage-first heap   total 122880K, used 73471K [0x00000000a0000000, 0x0000000100000000)
  region size 1024K, 17 young (17408K), 5 survivors (5120K)
 Metaspace       used 77141K, committed 77760K, reserved 1122304K
  class space    used 10390K, committed 10688K, reserved 1048576K
}
Event: 14.540 GC heap after
{Heap after GC invocations=42 (full 0):
 garbage-first heap   total 122880K, used 63202K [0x00000000a0000000, 0x0000000100000000)
  region size 1024K, 2 young (2048K), 2 survivors (2048K)
 Metaspace       used 77141K, committed 77760K, reserved 1122304K
  class space    used 10390K, committed 10688K, reserved 1048576K
}
Event: 15.452 GC heap before
{Heap before GC invocations=43 (full 0):
 garbage-first heap   total 122880K, used 99042K [0x00000000a0000000, 0x0000000100000000)
  region size 1024K, 36 young (36864K), 2 survivors (2048K)
 Metaspace       used 80222K, committed 80832K, reserved 1122304K
  class space    used 10787K, committed 11072K, reserved 1048576K
}
Event: 15.459 GC heap after
{Heap after GC invocations=44 (full 0):
 garbage-first heap   total 122880K, used 64694K [0x00000000a0000000, 0x0000000100000000)
  region size 1024K, 3 young (3072K), 3 survivors (3072K)
 Metaspace       used 80222K, committed 80832K, reserved 1122304K
  class space    used 10787K, committed 11072K, reserved 1048576K
}
Event: 15.838 GC heap before
{Heap before GC invocations=44 (full 0):
 garbage-first heap   total 122880K, used 99510K [0x00000000a0000000, 0x0000000100000000)
  region size 1024K, 37 young (37888K), 3 survivors (3072K)
 Metaspace       used 80731K, committed 81408K, reserved 1122304K
  class space    used 10890K, committed 11200K, reserved 1048576K
}
Event: 15.846 GC heap after
{Heap after GC invocations=45 (full 0):
 garbage-first heap   total 122880K, used 67419K [0x00000000a0000000, 0x0000000100000000)
  region size 1024K, 5 young (5120K), 5 survivors (5120K)
 Metaspace       used 80731K, committed 81408K, reserved 1122304K
  class space    used 10890K, committed 11200K, reserved 1048576K
}
Event: 16.243 GC heap before
{Heap before GC invocations=46 (full 0):
 garbage-first heap   total 130048K, used 100187K [0x00000000a0000000, 0x0000000100000000)
  region size 1024K, 37 young (37888K), 5 survivors (5120K)
 Metaspace       used 80841K, committed 81472K, reserved 1122304K
  class space    used 10903K, committed 11200K, reserved 1048576K
}
Event: 16.253 GC heap after
{Heap after GC invocations=47 (full 0):
 garbage-first heap   total 130048K, used 69247K [0x00000000a0000000, 0x0000000100000000)
  region size 1024K, 2 young (2048K), 2 survivors (2048K)
 Metaspace       used 80841K, committed 81472K, reserved 1122304K
  class space    used 10903K, committed 11200K, reserved 1048576K
}
Event: 16.935 GC heap before
{Heap before GC invocations=47 (full 0):
 garbage-first heap   total 130048K, used 106111K [0x00000000a0000000, 0x0000000100000000)
  region size 1024K, 38 young (38912K), 2 survivors (2048K)
 Metaspace       used 82931K, committed 83520K, reserved 1122304K
  class space    used 11190K, committed 11456K, reserved 1048576K
}
Event: 16.943 GC heap after
{Heap after GC invocations=48 (full 0):
 garbage-first heap   total 130048K, used 72457K [0x00000000a0000000, 0x0000000100000000)
  region size 1024K, 5 young (5120K), 5 survivors (5120K)
 Metaspace       used 82931K, committed 83520K, reserved 1122304K
  class space    used 11190K, committed 11456K, reserved 1048576K
}
Event: 17.922 GC heap before
{Heap before GC invocations=49 (full 0):
 garbage-first heap   total 130048K, used 107273K [0x00000000a0000000, 0x0000000100000000)
  region size 1024K, 39 young (39936K), 5 survivors (5120K)
 Metaspace       used 86669K, committed 87296K, reserved 1130496K
  class space    used 11889K, committed 12160K, reserved 1048576K
}
Event: 17.934 GC heap after
{Heap after GC invocations=50 (full 0):
 garbage-first heap   total 130048K, used 74648K [0x00000000a0000000, 0x0000000100000000)
  region size 1024K, 3 young (3072K), 3 survivors (3072K)
 Metaspace       used 86669K, committed 87296K, reserved 1130496K
  class space    used 11889K, committed 12160K, reserved 1048576K
}
Event: 18.611 GC heap before
{Heap before GC invocations=50 (full 0):
 garbage-first heap   total 130048K, used 107416K [0x00000000a0000000, 0x0000000100000000)
  region size 1024K, 35 young (35840K), 3 survivors (3072K)
 Metaspace       used 88260K, committed 88960K, reserved 1130496K
  class space    used 12112K, committed 12416K, reserved 1048576K
}
Event: 18.619 GC heap after
{Heap after GC invocations=51 (full 0):
 garbage-first heap   total 156672K, used 77863K [0x00000000a0000000, 0x0000000100000000)
  region size 1024K, 5 young (5120K), 5 survivors (5120K)
 Metaspace       used 88260K, committed 88960K, reserved 1130496K
  class space    used 12112K, committed 12416K, reserved 1048576K
}
Event: 19.950 GC heap before
{Heap before GC invocations=52 (full 0):
 garbage-first heap   total 156672K, used 125991K [0x00000000a0000000, 0x0000000100000000)
  region size 1024K, 52 young (53248K), 5 survivors (5120K)
 Metaspace       used 92180K, committed 92992K, reserved 1130496K
  class space    used 12749K, committed 13120K, reserved 1048576K
}
Event: 19.970 GC heap after
{Heap after GC invocations=53 (full 0):
 garbage-first heap   total 156672K, used 82036K [0x00000000a0000000, 0x0000000100000000)
  region size 1024K, 7 young (7168K), 7 survivors (7168K)
 Metaspace       used 92180K, committed 92992K, reserved 1130496K
  class space    used 12749K, committed 13120K, reserved 1048576K
}
Event: 21.184 GC heap before
{Heap before GC invocations=53 (full 0):
 garbage-first heap   total 156672K, used 127092K [0x00000000a0000000, 0x0000000100000000)
  region size 1024K, 51 young (52224K), 7 survivors (7168K)
 Metaspace       used 96042K, committed 96832K, reserved 1138688K
  class space    used 13224K, committed 13568K, reserved 1048576K
}
Event: 21.204 GC heap after
{Heap after GC invocations=54 (full 0):
 garbage-first heap   total 156672K, used 87038K [0x00000000a0000000, 0x0000000100000000)
  region size 1024K, 5 young (5120K), 5 survivors (5120K)
 Metaspace       used 96042K, committed 96832K, reserved 1138688K
  class space    used 13224K, committed 13568K, reserved 1048576K
}
Event: 22.330 GC heap before
{Heap before GC invocations=55 (full 0):
 garbage-first heap   total 158720K, used 126974K [0x00000000a0000000, 0x0000000100000000)
  region size 1024K, 45 young (46080K), 5 survivors (5120K)
 Metaspace       used 98631K, committed 99392K, reserved 1138688K
  class space    used 13508K, committed 13824K, reserved 1048576K
}
Event: 22.344 GC heap after
{Heap after GC invocations=56 (full 0):
 garbage-first heap   total 158720K, used 92506K [0x00000000a0000000, 0x0000000100000000)
  region size 1024K, 6 young (6144K), 6 survivors (6144K)
 Metaspace       used 98631K, committed 99392K, reserved 1138688K
  class space    used 13508K, committed 13824K, reserved 1048576K
}

