# JRE version: OpenJDK Runtime Environment (17.0.6) (build 17.0.6+0-b2043.56-9586694)
# Java VM: OpenJDK 64-Bit Server VM (17.0.6+0-b2043.56-9586694, mixed mode, tiered, compressed oops, compressed class ptrs, g1 gc, windows-amd64)
GC Precious Log:
 CPUs: 8 total, 8 available
 Memory: 7971M
 Large Page Support: Disabled
 NUMA Support: Disabled
 Compressed Oops: Enabled (32-bit)
 Heap Region Size: 1M
 Heap Min Capacity: 8M
 Heap Initial Capacity: 126M
 Heap Max Capacity: 1536M
 Pre-touch: Disabled
 Parallel Workers: 8
 Concurrent Workers: 2
 Concurrent Refinement Workers: 8
 Periodic GC: Disabled
Heap:
 garbage-first heap   total 214016K, used 96280K [0x00000000a0000000, 0x0000000100000000)
  region size 1024K, 7 young (7168K), 7 survivors (7168K)
 Metaspace       used 107780K, committed 108352K, reserved 1146880K
  class space    used 14288K, committed 14528K, reserved 1048576K
GC Heap History (20 events):
Event: 16.494 GC heap after
{Heap after GC invocations=50 (full 0):
 garbage-first heap   total 145408K, used 82241K [0x00000000a0000000, 0x0000000100000000)
  region size 1024K, 1 young (1024K), 1 survivors (1024K)
 Metaspace       used 90773K, committed 91328K, reserved 1130496K
  class space    used 12170K, committed 12416K, reserved 1048576K
}
Event: 17.360 GC heap before
{Heap before GC invocations=50 (full 0):
 garbage-first heap   total 145408K, used 117057K [0x00000000a0000000, 0x0000000100000000)
  region size 1024K, 35 young (35840K), 1 survivors (1024K)
 Metaspace       used 95519K, committed 96128K, reserved 1138688K
  class space    used 12790K, committed 13056K, reserved 1048576K
}
Event: 17.366 GC heap after
{Heap after GC invocations=51 (full 0):
 garbage-first heap   total 145408K, used 82926K [0x00000000a0000000, 0x0000000100000000)
  region size 1024K, 1 young (1024K), 1 survivors (1024K)
 Metaspace       used 95519K, committed 96128K, reserved 1138688K
  class space    used 12790K, committed 13056K, reserved 1048576K
}
Event: 17.763 GC heap before
{Heap before GC invocations=52 (full 0):
 garbage-first heap   total 145408K, used 119790K [0x00000000a0000000, 0x0000000100000000)
  region size 1024K, 36 young (36864K), 1 survivors (1024K)
 Metaspace       used 96177K, committed 96768K, reserved 1138688K
  class space    used 12850K, committed 13120K, reserved 1048576K
}
Event: 17.767 GC heap after
{Heap after GC invocations=53 (full 0):
 garbage-first heap   total 145408K, used 85301K [0x00000000a0000000, 0x0000000100000000)
  region size 1024K, 4 young (4096K), 4 survivors (4096K)
 Metaspace       used 96177K, committed 96768K, reserved 1138688K
  class space    used 12850K, committed 13120K, reserved 1048576K
}
Event: 17.781 GC heap before
{Heap before GC invocations=53 (full 0):
 garbage-first heap   total 145408K, used 88373K [0x00000000a0000000, 0x0000000100000000)
  region size 1024K, 7 young (7168K), 4 survivors (4096K)
 Metaspace       used 96206K, committed 96768K, reserved 1138688K
  class space    used 12850K, committed 13120K, reserved 1048576K
}
Event: 17.786 GC heap after
{Heap after GC invocations=54 (full 0):
 garbage-first heap   total 214016K, used 85639K [0x00000000a0000000, 0x0000000100000000)
  region size 1024K, 1 young (1024K), 1 survivors (1024K)
 Metaspace       used 96206K, committed 96768K, reserved 1138688K
  class space    used 12850K, committed 13120K, reserved 1048576K
}
Event: 19.167 GC heap before
{Heap before GC invocations=54 (full 0):
 garbage-first heap   total 214016K, used 165511K [0x00000000a0000000, 0x0000000100000000)
  region size 1024K, 79 young (80896K), 1 survivors (1024K)
 Metaspace       used 105975K, committed 106496K, reserved 1146880K
  class space    used 13990K, committed 14208K, reserved 1048576K
}
Event: 19.171 GC heap after
{Heap after GC invocations=55 (full 0):
 garbage-first heap   total 214016K, used 87957K [0x00000000a0000000, 0x0000000100000000)
  region size 1024K, 3 young (3072K), 3 survivors (3072K)
 Metaspace       used 105975K, committed 106496K, reserved 1146880K
  class space    used 13990K, committed 14208K, reserved 1048576K
}
Event: 19.741 GC heap before
{Heap before GC invocations=55 (full 0):
 garbage-first heap   total 214016K, used 172949K [0x00000000a0000000, 0x0000000100000000)
  region size 1024K, 86 young (88064K), 3 survivors (3072K)
 Metaspace       used 107779K, committed 108352K, reserved 1146880K
  class space    used 14287K, committed 14528K, reserved 1048576K
}
Event: 19.749 GC heap after
{Heap after GC invocations=56 (full 0):
 garbage-first heap   total 214016K, used 89840K [0x00000000a0000000, 0x0000000100000000)
  region size 1024K, 5 young (5120K), 5 survivors (5120K)
 Metaspace       used 107779K, committed 108352K, reserved 1146880K
  class space    used 14287K, committed 14528K, reserved 1048576K
}
Event: 19.986 GC heap before
{Heap before GC invocations=56 (full 0):
 garbage-first heap   total 214016K, used 177904K [0x00000000a0000000, 0x0000000100000000)
  region size 1024K, 91 young (93184K), 5 survivors (5120K)
 Metaspace       used 107780K, committed 108352K, reserved 1146880K
  class space    used 14288K, committed 14528K, reserved 1048576K
}
Event: 19.991 GC heap after
{Heap after GC invocations=57 (full 0):
 garbage-first heap   total 214016K, used 91031K [0x00000000a0000000, 0x0000000100000000)
  region size 1024K, 6 young (6144K), 6 survivors (6144K)
 Metaspace       used 107780K, committed 108352K, reserved 1146880K
  class space    used 14288K, committed 14528K, reserved 1048576K
}
Event: 20.145 GC heap before
{Heap before GC invocations=57 (full 0):
 garbage-first heap   total 214016K, used 181143K [0x00000000a0000000, 0x0000000100000000)
  region size 1024K, 94 young (96256K), 6 survivors (6144K)
 Metaspace       used 107780K, committed 108352K, reserved 1146880K
  class space    used 14288K, committed 14528K, reserved 1048576K
}
Event: 20.150 GC heap after
{Heap after GC invocations=58 (full 0):
 garbage-first heap   total 214016K, used 92190K [0x00000000a0000000, 0x0000000100000000)
  region size 1024K, 8 young (8192K), 8 survivors (8192K)
 Metaspace       used 107780K, committed 108352K, reserved 1146880K
  class space    used 14288K, committed 14528K, reserved 1048576K
}
Event: 20.263 GC heap before
{Heap before GC invocations=58 (full 0):
 garbage-first heap   total 214016K, used 182302K [0x00000000a0000000, 0x0000000100000000)
  region size 1024K, 96 young (98304K), 8 survivors (8192K)
 Metaspace       used 107780K, committed 108352K, reserved 1146880K
  class space    used 14288K, committed 14528K, reserved 1048576K
}
Event: 20.269 GC heap after
{Heap after GC invocations=59 (full 0):
 garbage-first heap   total 214016K, used 93996K [0x00000000a0000000, 0x0000000100000000)
  region size 1024K, 6 young (6144K), 6 survivors (6144K)
 Metaspace       used 107780K, committed 108352K, reserved 1146880K
  class space    used 14288K, committed 14528K, reserved 1048576K
}
Event: 20.381 GC heap before
{Heap before GC invocations=59 (full 0):
 garbage-first heap   total 214016K, used 184108K [0x00000000a0000000, 0x0000000100000000)
  region size 1024K, 94 young (96256K), 6 survivors (6144K)
 Metaspace       used 107780K, committed 108352K, reserved 1146880K
  class space    used 14288K, committed 14528K, reserved 1048576K
}
Event: 20.385 GC heap after
{Heap after GC invocations=60 (full 0):
 garbage-first heap   total 214016K, used 95020K [0x00000000a0000000, 0x0000000100000000)
  region size 1024K, 7 young (7168K), 7 survivors (7168K)
 Metaspace       used 107780K, committed 108352K, reserved 1146880K
  class space    used 14288K, committed 14528K, reserved 1048576K
}
Event: 20.496 GC heap before
{Heap before GC invocations=60 (full 0):
 garbage-first heap   total 214016K, used 185132K [0x00000000a0000000, 0x0000000100000000)
  region size 1024K, 95 young (97280K), 7 survivors (7168K)
 Metaspace       used 107780K, committed 108352K, reserved 1146880K
  class space    used 14288K, committed 14528K, reserved 1048576K
}

